

Started GET "/" for ::1 at 2016-12-13 20:00:12 -0600

ActiveRecord::PendingMigrationError (

Migrations are pending. To resolve this issue, run:

	bin/rake db:migrate RAILS_ENV=development

):
  activerecord (4.2.5.1) lib/active_record/migration.rb:392:in `check_pending!'
  activerecord (4.2.5.1) lib/active_record/migration.rb:373:in `call'
  actionpack (4.2.5.1) lib/action_dispatch/middleware/callbacks.rb:29:in `block in call'
  activesupport (4.2.5.1) lib/active_support/callbacks.rb:88:in `__run_callbacks__'
  activesupport (4.2.5.1) lib/active_support/callbacks.rb:778:in `_run_call_callbacks'
  activesupport (4.2.5.1) lib/active_support/callbacks.rb:81:in `run_callbacks'
  actionpack (4.2.5.1) lib/action_dispatch/middleware/callbacks.rb:27:in `call'
  actionpack (4.2.5.1) lib/action_dispatch/middleware/reloader.rb:73:in `call'
  actionpack (4.2.5.1) lib/action_dispatch/middleware/remote_ip.rb:78:in `call'
  actionpack (4.2.5.1) lib/action_dispatch/middleware/debug_exceptions.rb:17:in `call'
  web-console (2.3.0) lib/web_console/middleware.rb:28:in `block in call'
  web-console (2.3.0) lib/web_console/middleware.rb:18:in `catch'
  web-console (2.3.0) lib/web_console/middleware.rb:18:in `call'
  actionpack (4.2.5.1) lib/action_dispatch/middleware/show_exceptions.rb:30:in `call'
  railties (4.2.5.1) lib/rails/rack/logger.rb:38:in `call_app'
  railties (4.2.5.1) lib/rails/rack/logger.rb:20:in `block in call'
  activesupport (4.2.5.1) lib/active_support/tagged_logging.rb:68:in `block in tagged'
  activesupport (4.2.5.1) lib/active_support/tagged_logging.rb:26:in `tagged'
  activesupport (4.2.5.1) lib/active_support/tagged_logging.rb:68:in `tagged'
  railties (4.2.5.1) lib/rails/rack/logger.rb:20:in `call'
  actionpack (4.2.5.1) lib/action_dispatch/middleware/request_id.rb:21:in `call'
  rack (1.6.4) lib/rack/methodoverride.rb:22:in `call'
  rack (1.6.4) lib/rack/runtime.rb:18:in `call'
  activesupport (4.2.5.1) lib/active_support/cache/strategy/local_cache_middleware.rb:28:in `call'
  rack (1.6.4) lib/rack/lock.rb:17:in `call'
  actionpack (4.2.5.1) lib/action_dispatch/middleware/static.rb:116:in `call'
  rack (1.6.4) lib/rack/sendfile.rb:113:in `call'
  railties (4.2.5.1) lib/rails/engine.rb:518:in `call'
  railties (4.2.5.1) lib/rails/application.rb:165:in `call'
  rack (1.6.4) lib/rack/lock.rb:17:in `call'
  rack (1.6.4) lib/rack/content_length.rb:15:in `call'
  rack (1.6.4) lib/rack/handler/webrick.rb:88:in `service'
  c:/RailsInstaller/Ruby2.1.0/lib/ruby/2.1.0/webrick/httpserver.rb:138:in `service'
  c:/RailsInstaller/Ruby2.1.0/lib/ruby/2.1.0/webrick/httpserver.rb:94:in `run'
  c:/RailsInstaller/Ruby2.1.0/lib/ruby/2.1.0/webrick/server.rb:295:in `block in start_thread'


  Rendered c:/RailsInstaller/Ruby2.1.0/lib/ruby/gems/2.1.0/gems/actionpack-4.2.5.1/lib/action_dispatch/middleware/templates/rescues/_source.erb (1.0ms)
  Rendered c:/RailsInstaller/Ruby2.1.0/lib/ruby/gems/2.1.0/gems/actionpack-4.2.5.1/lib/action_dispatch/middleware/templates/rescues/_trace.html.erb (3.0ms)
  Rendered c:/RailsInstaller/Ruby2.1.0/lib/ruby/gems/2.1.0/gems/actionpack-4.2.5.1/lib/action_dispatch/middleware/templates/rescues/_request_and_response.html.erb (1.0ms)
  Rendered c:/RailsInstaller/Ruby2.1.0/lib/ruby/gems/2.1.0/gems/actionpack-4.2.5.1/lib/action_dispatch/middleware/templates/rescues/diagnostics.html.erb within rescues/layout (52.0ms)
  Rendered c:/RailsInstaller/Ruby2.1.0/lib/ruby/gems/2.1.0/gems/web-console-2.3.0/lib/web_console/templates/_markup.html.erb (1.0ms)
  Rendered c:/RailsInstaller/Ruby2.1.0/lib/ruby/gems/2.1.0/gems/web-console-2.3.0/lib/web_console/templates/_inner_console_markup.html.erb within layouts/inlined_string (0.0ms)
  Rendered c:/RailsInstaller/Ruby2.1.0/lib/ruby/gems/2.1.0/gems/web-console-2.3.0/lib/web_console/templates/_prompt_box_markup.html.erb within layouts/inlined_string (0.0ms)
  Rendered c:/RailsInstaller/Ruby2.1.0/lib/ruby/gems/2.1.0/gems/web-console-2.3.0/lib/web_console/templates/style.css.erb within layouts/inlined_string (1.0ms)
  Rendered c:/RailsInstaller/Ruby2.1.0/lib/ruby/gems/2.1.0/gems/web-console-2.3.0/lib/web_console/templates/console.js.erb within layouts/javascript (65.0ms)
  Rendered c:/RailsInstaller/Ruby2.1.0/lib/ruby/gems/2.1.0/gems/web-console-2.3.0/lib/web_console/templates/main.js.erb within layouts/javascript (2.0ms)
  Rendered c:/RailsInstaller/Ruby2.1.0/lib/ruby/gems/2.1.0/gems/web-console-2.3.0/lib/web_console/templates/error_page.js.erb within layouts/javascript (0.0ms)
  Rendered c:/RailsInstaller/Ruby2.1.0/lib/ruby/gems/2.1.0/gems/web-console-2.3.0/lib/web_console/templates/index.html.erb (130.0ms)


Started GET "/" for ::1 at 2016-12-13 20:00:51 -0600

ActiveRecord::PendingMigrationError (

Migrations are pending. To resolve this issue, run:

	bin/rake db:migrate RAILS_ENV=development

):
  activerecord (4.2.5.1) lib/active_record/migration.rb:392:in `check_pending!'
  activerecord (4.2.5.1) lib/active_record/migration.rb:373:in `call'
  actionpack (4.2.5.1) lib/action_dispatch/middleware/callbacks.rb:29:in `block in call'
  activesupport (4.2.5.1) lib/active_support/callbacks.rb:88:in `__run_callbacks__'
  activesupport (4.2.5.1) lib/active_support/callbacks.rb:778:in `_run_call_callbacks'
  activesupport (4.2.5.1) lib/active_support/callbacks.rb:81:in `run_callbacks'
  actionpack (4.2.5.1) lib/action_dispatch/middleware/callbacks.rb:27:in `call'
  actionpack (4.2.5.1) lib/action_dispatch/middleware/reloader.rb:73:in `call'
  actionpack (4.2.5.1) lib/action_dispatch/middleware/remote_ip.rb:78:in `call'
  actionpack (4.2.5.1) lib/action_dispatch/middleware/debug_exceptions.rb:17:in `call'
  web-console (2.3.0) lib/web_console/middleware.rb:28:in `block in call'
  web-console (2.3.0) lib/web_console/middleware.rb:18:in `catch'
  web-console (2.3.0) lib/web_console/middleware.rb:18:in `call'
  actionpack (4.2.5.1) lib/action_dispatch/middleware/show_exceptions.rb:30:in `call'
  railties (4.2.5.1) lib/rails/rack/logger.rb:38:in `call_app'
  railties (4.2.5.1) lib/rails/rack/logger.rb:20:in `block in call'
  activesupport (4.2.5.1) lib/active_support/tagged_logging.rb:68:in `block in tagged'
  activesupport (4.2.5.1) lib/active_support/tagged_logging.rb:26:in `tagged'
  activesupport (4.2.5.1) lib/active_support/tagged_logging.rb:68:in `tagged'
  railties (4.2.5.1) lib/rails/rack/logger.rb:20:in `call'
  actionpack (4.2.5.1) lib/action_dispatch/middleware/request_id.rb:21:in `call'
  rack (1.6.4) lib/rack/methodoverride.rb:22:in `call'
  rack (1.6.4) lib/rack/runtime.rb:18:in `call'
  activesupport (4.2.5.1) lib/active_support/cache/strategy/local_cache_middleware.rb:28:in `call'
  rack (1.6.4) lib/rack/lock.rb:17:in `call'
  actionpack (4.2.5.1) lib/action_dispatch/middleware/static.rb:116:in `call'
  rack (1.6.4) lib/rack/sendfile.rb:113:in `call'
  railties (4.2.5.1) lib/rails/engine.rb:518:in `call'
  railties (4.2.5.1) lib/rails/application.rb:165:in `call'
  rack (1.6.4) lib/rack/lock.rb:17:in `call'
  rack (1.6.4) lib/rack/content_length.rb:15:in `call'
  rack (1.6.4) lib/rack/handler/webrick.rb:88:in `service'
  c:/RailsInstaller/Ruby2.1.0/lib/ruby/2.1.0/webrick/httpserver.rb:138:in `service'
  c:/RailsInstaller/Ruby2.1.0/lib/ruby/2.1.0/webrick/httpserver.rb:94:in `run'
  c:/RailsInstaller/Ruby2.1.0/lib/ruby/2.1.0/webrick/server.rb:295:in `block in start_thread'


  Rendered c:/RailsInstaller/Ruby2.1.0/lib/ruby/gems/2.1.0/gems/actionpack-4.2.5.1/lib/action_dispatch/middleware/templates/rescues/_source.erb (1.0ms)
  Rendered c:/RailsInstaller/Ruby2.1.0/lib/ruby/gems/2.1.0/gems/actionpack-4.2.5.1/lib/action_dispatch/middleware/templates/rescues/_trace.html.erb (3.0ms)
  Rendered c:/RailsInstaller/Ruby2.1.0/lib/ruby/gems/2.1.0/gems/actionpack-4.2.5.1/lib/action_dispatch/middleware/templates/rescues/_request_and_response.html.erb (1.0ms)
  Rendered c:/RailsInstaller/Ruby2.1.0/lib/ruby/gems/2.1.0/gems/actionpack-4.2.5.1/lib/action_dispatch/middleware/templates/rescues/diagnostics.html.erb within rescues/layout (45.0ms)
  Rendered c:/RailsInstaller/Ruby2.1.0/lib/ruby/gems/2.1.0/gems/web-console-2.3.0/lib/web_console/templates/_markup.html.erb (1.0ms)
  Rendered c:/RailsInstaller/Ruby2.1.0/lib/ruby/gems/2.1.0/gems/web-console-2.3.0/lib/web_console/templates/_inner_console_markup.html.erb within layouts/inlined_string (0.0ms)
  Rendered c:/RailsInstaller/Ruby2.1.0/lib/ruby/gems/2.1.0/gems/web-console-2.3.0/lib/web_console/templates/_prompt_box_markup.html.erb within layouts/inlined_string (0.0ms)
  Rendered c:/RailsInstaller/Ruby2.1.0/lib/ruby/gems/2.1.0/gems/web-console-2.3.0/lib/web_console/templates/style.css.erb within layouts/inlined_string (1.0ms)
  Rendered c:/RailsInstaller/Ruby2.1.0/lib/ruby/gems/2.1.0/gems/web-console-2.3.0/lib/web_console/templates/console.js.erb within layouts/javascript (57.0ms)
  Rendered c:/RailsInstaller/Ruby2.1.0/lib/ruby/gems/2.1.0/gems/web-console-2.3.0/lib/web_console/templates/main.js.erb within layouts/javascript (0.0ms)
  Rendered c:/RailsInstaller/Ruby2.1.0/lib/ruby/gems/2.1.0/gems/web-console-2.3.0/lib/web_console/templates/error_page.js.erb within layouts/javascript (0.0ms)
  Rendered c:/RailsInstaller/Ruby2.1.0/lib/ruby/gems/2.1.0/gems/web-console-2.3.0/lib/web_console/templates/index.html.erb (115.0ms)
  [1m[36m (82.0ms)[0m  [1mCREATE TABLE "schema_migrations" ("version" varchar NOT NULL) [0m
  [1m[35m (1.0ms)[0m  select sqlite_version(*)
  [1m[36m (56.0ms)[0m  [1mCREATE UNIQUE INDEX "unique_schema_migrations" ON "schema_migrations" ("version")[0m
  [1m[35mActiveRecord::SchemaMigration Load (0.0ms)[0m  SELECT "schema_migrations".* FROM "schema_migrations"
Migrating to CreateListings (20160911214416)
  [1m[36m (1.0ms)[0m  [1mbegin transaction[0m
  [1m[35m (1.0ms)[0m  CREATE TABLE "listings" ("id" INTEGER PRIMARY KEY AUTOINCREMENT NOT NULL, "name" varchar, "description" text, "price" decimal, "created_at" datetime NOT NULL, "updated_at" datetime NOT NULL) 
  [1m[36mSQL (1.0ms)[0m  [1mINSERT INTO "schema_migrations" ("version") VALUES (?)[0m  [["version", "20160911214416"]]
  [1m[35m (91.0ms)[0m  commit transaction
Migrating to AddAttachmentImageToListings (20160923171902)
  [1m[36m (0.0ms)[0m  [1mbegin transaction[0m
  [1m[35m (2.0ms)[0m  ALTER TABLE "listings" ADD "image_file_name" varchar
  [1m[36m (1.0ms)[0m  [1mALTER TABLE "listings" ADD "image_content_type" varchar[0m
  [1m[35m (0.0ms)[0m  ALTER TABLE "listings" ADD "image_file_size" integer
  [1m[36m (1.0ms)[0m  [1mALTER TABLE "listings" ADD "image_updated_at" datetime[0m
  [1m[35mSQL (0.0ms)[0m  INSERT INTO "schema_migrations" ("version") VALUES (?)  [["version", "20160923171902"]]
  [1m[36m (114.0ms)[0m  [1mcommit transaction[0m
Migrating to DeviseCreateUsers (20160925050800)
  [1m[35m (0.0ms)[0m  begin transaction
  [1m[36m (1.0ms)[0m  [1mCREATE TABLE "users" ("id" INTEGER PRIMARY KEY AUTOINCREMENT NOT NULL, "email" varchar DEFAULT '' NOT NULL, "encrypted_password" varchar DEFAULT '' NOT NULL, "reset_password_token" varchar, "reset_password_sent_at" datetime, "remember_created_at" datetime, "sign_in_count" integer DEFAULT 0 NOT NULL, "current_sign_in_at" datetime, "last_sign_in_at" datetime, "current_sign_in_ip" varchar, "last_sign_in_ip" varchar, "created_at" datetime NOT NULL, "updated_at" datetime NOT NULL) [0m
  [1m[35m (1.0ms)[0m  CREATE UNIQUE INDEX "index_users_on_email" ON "users" ("email")
  [1m[36m (1.0ms)[0m  [1m            SELECT sql
            FROM sqlite_master
            WHERE name='index_users_on_email' AND type='index'
            UNION ALL
            SELECT sql
            FROM sqlite_temp_master
            WHERE name='index_users_on_email' AND type='index'
[0m
  [1m[35m (1.0ms)[0m  CREATE UNIQUE INDEX "index_users_on_reset_password_token" ON "users" ("reset_password_token")
  [1m[36mSQL (0.0ms)[0m  [1mINSERT INTO "schema_migrations" ("version") VALUES (?)[0m  [["version", "20160925050800"]]
  [1m[35m (64.0ms)[0m  commit transaction
Migrating to AddNameToUsers (20160926000630)
  [1m[36m (0.0ms)[0m  [1mbegin transaction[0m
  [1m[35m (2.0ms)[0m  ALTER TABLE "users" ADD "name" varchar
  [1m[36mSQL (1.0ms)[0m  [1mINSERT INTO "schema_migrations" ("version") VALUES (?)[0m  [["version", "20160926000630"]]
  [1m[35m (65.0ms)[0m  commit transaction
Migrating to AddUserIdToListings (20160926011500)
  [1m[36m (0.0ms)[0m  [1mbegin transaction[0m
  [1m[35m (1.0ms)[0m  ALTER TABLE "listings" ADD "user_id" integer
  [1m[36mSQL (1.0ms)[0m  [1mINSERT INTO "schema_migrations" ("version") VALUES (?)[0m  [["version", "20160926011500"]]
  [1m[35m (65.0ms)[0m  commit transaction
  [1m[36mActiveRecord::SchemaMigration Load (0.0ms)[0m  [1mSELECT "schema_migrations".* FROM "schema_migrations"[0m
  [1m[35m (1.0ms)[0m              SELECT sql
            FROM sqlite_master
            WHERE name='index_users_on_reset_password_token' AND type='index'
            UNION ALL
            SELECT sql
            FROM sqlite_temp_master
            WHERE name='index_users_on_reset_password_token' AND type='index'

  [1m[36m (0.0ms)[0m  [1m            SELECT sql
            FROM sqlite_master
            WHERE name='index_users_on_email' AND type='index'
            UNION ALL
            SELECT sql
            FROM sqlite_temp_master
            WHERE name='index_users_on_email' AND type='index'
[0m


Started GET "/" for 127.0.0.1 at 2016-12-13 20:01:46 -0600
  [1m[36mActiveRecord::SchemaMigration Load (1.0ms)[0m  [1mSELECT "schema_migrations".* FROM "schema_migrations"[0m
Processing by ListingsController#index as HTML
  [1m[35mListing Load (0.0ms)[0m  SELECT "listings".* FROM "listings"  ORDER BY created_at DESC
  Rendered listings/index.html.erb within layouts/application (19.0ms)
Completed 500 Internal Server Error in 9456ms (ActiveRecord: 0.0ms)

ActionView::Template::Error (TypeError: Object doesn't support this property or method):
    2: <html>
    3: <head>
    4:   <title>Etsydemo</title>
    5:   <%= stylesheet_link_tag    'application', media: 'all', 'data-turbolinks-track' => true %>
    6:   <%= javascript_include_tag 'application', 'data-turbolinks-track' => true %>
    7:   <%= csrf_meta_tags %>
    8: </head>
  app/views/layouts/application.html.erb:5:in `_app_views_layouts_application_html_erb__552217357_49387380'


  Rendered c:/RailsInstaller/Ruby2.1.0/lib/ruby/gems/2.1.0/gems/actionpack-4.2.5.1/lib/action_dispatch/middleware/templates/rescues/_source.erb (1.0ms)
  Rendered c:/RailsInstaller/Ruby2.1.0/lib/ruby/gems/2.1.0/gems/actionpack-4.2.5.1/lib/action_dispatch/middleware/templates/rescues/_trace.html.erb (9.0ms)
  Rendered c:/RailsInstaller/Ruby2.1.0/lib/ruby/gems/2.1.0/gems/actionpack-4.2.5.1/lib/action_dispatch/middleware/templates/rescues/_request_and_response.html.erb (2.0ms)
  Rendered c:/RailsInstaller/Ruby2.1.0/lib/ruby/gems/2.1.0/gems/actionpack-4.2.5.1/lib/action_dispatch/middleware/templates/rescues/template_error.html.erb within rescues/layout (49.0ms)
  Rendered c:/RailsInstaller/Ruby2.1.0/lib/ruby/gems/2.1.0/gems/web-console-2.3.0/lib/web_console/templates/_markup.html.erb (1.0ms)
  Rendered c:/RailsInstaller/Ruby2.1.0/lib/ruby/gems/2.1.0/gems/web-console-2.3.0/lib/web_console/templates/_inner_console_markup.html.erb within layouts/inlined_string (1.0ms)
  Rendered c:/RailsInstaller/Ruby2.1.0/lib/ruby/gems/2.1.0/gems/web-console-2.3.0/lib/web_console/templates/_prompt_box_markup.html.erb within layouts/inlined_string (1.0ms)
  Rendered c:/RailsInstaller/Ruby2.1.0/lib/ruby/gems/2.1.0/gems/web-console-2.3.0/lib/web_console/templates/style.css.erb within layouts/inlined_string (0.0ms)
  Rendered c:/RailsInstaller/Ruby2.1.0/lib/ruby/gems/2.1.0/gems/web-console-2.3.0/lib/web_console/templates/console.js.erb within layouts/javascript (76.0ms)
  Rendered c:/RailsInstaller/Ruby2.1.0/lib/ruby/gems/2.1.0/gems/web-console-2.3.0/lib/web_console/templates/main.js.erb within layouts/javascript (1.0ms)
  Rendered c:/RailsInstaller/Ruby2.1.0/lib/ruby/gems/2.1.0/gems/web-console-2.3.0/lib/web_console/templates/error_page.js.erb within layouts/javascript (1.0ms)
  Rendered c:/RailsInstaller/Ruby2.1.0/lib/ruby/gems/2.1.0/gems/web-console-2.3.0/lib/web_console/templates/index.html.erb (147.0ms)


Started GET "/" for ::1 at 2016-12-13 20:02:34 -0600
Processing by ListingsController#index as HTML
  [1m[36mListing Load (1.0ms)[0m  [1mSELECT "listings".* FROM "listings"  ORDER BY created_at DESC[0m
  Rendered listings/index.html.erb within layouts/application (4.0ms)
  Rendered layouts/_header.html.erb (1.0ms)
  Rendered layouts/_footer.html.erb (1.0ms)
Completed 200 OK in 1011ms (Views: 1009.1ms | ActiveRecord: 1.0ms)


Started GET "/assets/custom.self-10962ab1f3b3db5304502c18f3e6d5596725fa4d4c8d5e9f127d4b6124bafc17.css?body=1" for ::1 at 2016-12-13 20:02:35 -0600


Started GET "/assets/listings.self-e3b0c44298fc1c149afbf4c8996fb92427ae41e4649b934ca495991b7852b855.css?body=1" for ::1 at 2016-12-13 20:02:35 -0600


Started GET "/assets/application.self-e80e8f2318043e8af94dddc2adad5a4f09739a8ebb323b3ab31cd71d45fd9113.css?body=1" for ::1 at 2016-12-13 20:02:35 -0600


Started GET "/assets/bootstrap.self-b38817c3e3a3049abb1fc08dd6ae448b23330f8453226efdb074710209474f75.js?body=1" for ::1 at 2016-12-13 20:02:35 -0600


Started GET "/assets/application.self-f8806224e027f3e3f0138ea9ce99319e298dfdb323304d1f1be6eae8e8c74724.js?body=1" for ::1 at 2016-12-13 20:02:35 -0600


Started GET "/assets/IT-management-blog-banner-1200x320.png" for ::1 at 2016-12-13 20:02:35 -0600


Started GET "/pages/about" for ::1 at 2016-12-13 20:02:47 -0600
Processing by PagesController#about as HTML
  Rendered pages/about.html.erb within layouts/application (0.0ms)
  Rendered layouts/_header.html.erb (1.0ms)
  Rendered layouts/_footer.html.erb (0.0ms)
Completed 200 OK in 97ms (Views: 96.0ms | ActiveRecord: 0.0ms)


Started GET "/pages/contact" for ::1 at 2016-12-13 20:02:49 -0600
Processing by PagesController#contact as HTML
  Rendered pages/contact.html.erb within layouts/application (0.0ms)
  Rendered layouts/_header.html.erb (1.0ms)
  Rendered layouts/_footer.html.erb (0.0ms)
Completed 200 OK in 89ms (Views: 88.0ms | ActiveRecord: 0.0ms)


Started GET "/" for ::1 at 2016-12-13 20:02:50 -0600
Processing by ListingsController#index as HTML
  [1m[35mListing Load (0.0ms)[0m  SELECT "listings".* FROM "listings"  ORDER BY created_at DESC
  Rendered listings/index.html.erb within layouts/application (4.0ms)
  Rendered layouts/_header.html.erb (0.0ms)
  Rendered layouts/_footer.html.erb (0.0ms)
Completed 200 OK in 91ms (Views: 90.0ms | ActiveRecord: 0.0ms)


Started GET "/users/sign_up" for ::1 at 2016-12-13 20:02:51 -0600
Processing by Devise::RegistrationsController#new as HTML
  Rendered devise/shared/_links.html.erb (5.0ms)
  Rendered devise/registrations/new.html.erb within layouts/application (80.0ms)
  Rendered layouts/_header.html.erb (0.0ms)
  Rendered layouts/_footer.html.erb (0.0ms)
Completed 200 OK in 188ms (Views: 163.0ms | ActiveRecord: 0.0ms)


Started GET "/users/sign_in" for ::1 at 2016-12-13 20:02:53 -0600
Processing by Devise::SessionsController#new as HTML
  Rendered devise/shared/_links.html.erb (11.0ms)
  Rendered devise/sessions/new.html.erb within layouts/application (43.0ms)
  Rendered layouts/_header.html.erb (1.0ms)
  Rendered layouts/_footer.html.erb (0.0ms)
Completed 200 OK in 138ms (Views: 136.0ms | ActiveRecord: 0.0ms)


Started GET "/users/password/new" for ::1 at 2016-12-13 20:03:51 -0600
Processing by Devise::PasswordsController#new as HTML
  Rendered devise/shared/_links.html.erb (5.0ms)
  Rendered devise/passwords/new.html.erb within layouts/application (13.0ms)
  Rendered layouts/_header.html.erb (0.0ms)
  Rendered layouts/_footer.html.erb (0.0ms)
Completed 200 OK in 105ms (Views: 103.0ms | ActiveRecord: 0.0ms)


Started GET "/pages/about" for ::1 at 2016-12-13 20:03:55 -0600
Processing by PagesController#about as HTML
  Rendered pages/about.html.erb within layouts/application (0.0ms)
  Rendered layouts/_header.html.erb (1.0ms)
  Rendered layouts/_footer.html.erb (0.0ms)
Completed 200 OK in 93ms (Views: 92.0ms | ActiveRecord: 0.0ms)


Started GET "/" for ::1 at 2016-12-13 20:03:55 -0600
Processing by ListingsController#index as HTML
  [1m[36mListing Load (0.0ms)[0m  [1mSELECT "listings".* FROM "listings"  ORDER BY created_at DESC[0m
  Rendered listings/index.html.erb within layouts/application (3.0ms)
  Rendered layouts/_header.html.erb (1.0ms)
  Rendered layouts/_footer.html.erb (0.0ms)
Completed 200 OK in 87ms (Views: 86.0ms | ActiveRecord: 0.0ms)


Started GET "/" for ::1 at 2016-12-13 22:03:27 -0600
  [1m[36mActiveRecord::SchemaMigration Load (7.0ms)[0m  [1mSELECT "schema_migrations".* FROM "schema_migrations"[0m
Processing by ListingsController#index as HTML
  [1m[35mListing Load (0.0ms)[0m  SELECT "listings".* FROM "listings"  ORDER BY created_at DESC
  Rendered listings/index.html.erb within layouts/application (16.0ms)
  Rendered layouts/_header.html.erb (1.0ms)
  Rendered layouts/_footer.html.erb (0.0ms)
Completed 200 OK in 1191ms (Views: 1148.1ms | ActiveRecord: 0.0ms)


Started GET "/assets/listings.self-e3b0c44298fc1c149afbf4c8996fb92427ae41e4649b934ca495991b7852b855.css?body=1" for ::1 at 2016-12-13 22:03:28 -0600


Started GET "/assets/application.self-e80e8f2318043e8af94dddc2adad5a4f09739a8ebb323b3ab31cd71d45fd9113.css?body=1" for ::1 at 2016-12-13 22:03:28 -0600


Started GET "/assets/pages.self-e3b0c44298fc1c149afbf4c8996fb92427ae41e4649b934ca495991b7852b855.css?body=1" for ::1 at 2016-12-13 22:03:28 -0600


Started GET "/assets/custom.self-10962ab1f3b3db5304502c18f3e6d5596725fa4d4c8d5e9f127d4b6124bafc17.css?body=1" for ::1 at 2016-12-13 22:03:28 -0600


Started GET "/assets/jquery.self-bd7ddd393353a8d2480a622e80342adf488fb6006d667e8b42e4c0073393abee.js?body=1" for ::1 at 2016-12-13 22:03:28 -0600


Started GET "/assets/jquery_ujs.self-784a997f6726036b1993eb2217c9cb558e1cbb801c6da88105588c56f13b466a.js?body=1" for ::1 at 2016-12-13 22:03:28 -0600


Started GET "/assets/bootstrap.self-b38817c3e3a3049abb1fc08dd6ae448b23330f8453226efdb074710209474f75.js?body=1" for ::1 at 2016-12-13 22:03:28 -0600


Started GET "/assets/turbolinks.self-c5acd7a204f5f25ce7a1d8a0e4d92e28d34c9e2df2c7371cd7af88e147e4ad82.js?body=1" for ::1 at 2016-12-13 22:03:28 -0600


Started GET "/assets/application.self-f8806224e027f3e3f0138ea9ce99319e298dfdb323304d1f1be6eae8e8c74724.js?body=1" for ::1 at 2016-12-13 22:03:28 -0600


Started GET "/assets/IT-management-blog-banner-1200x320.png" for ::1 at 2016-12-13 22:03:28 -0600

ActionController::RoutingError (No route matches [GET] "/assets/IT-management-blog-banner-1200x320.png"):
  actionpack (4.2.5.1) lib/action_dispatch/middleware/debug_exceptions.rb:21:in `call'
  web-console (2.3.0) lib/web_console/middleware.rb:28:in `block in call'
  web-console (2.3.0) lib/web_console/middleware.rb:18:in `catch'
  web-console (2.3.0) lib/web_console/middleware.rb:18:in `call'
  actionpack (4.2.5.1) lib/action_dispatch/middleware/show_exceptions.rb:30:in `call'
  railties (4.2.5.1) lib/rails/rack/logger.rb:38:in `call_app'
  railties (4.2.5.1) lib/rails/rack/logger.rb:20:in `block in call'
  activesupport (4.2.5.1) lib/active_support/tagged_logging.rb:68:in `block in tagged'
  activesupport (4.2.5.1) lib/active_support/tagged_logging.rb:26:in `tagged'
  activesupport (4.2.5.1) lib/active_support/tagged_logging.rb:68:in `tagged'
  railties (4.2.5.1) lib/rails/rack/logger.rb:20:in `call'
  actionpack (4.2.5.1) lib/action_dispatch/middleware/request_id.rb:21:in `call'
  rack (1.6.4) lib/rack/methodoverride.rb:22:in `call'
  rack (1.6.4) lib/rack/runtime.rb:18:in `call'
  activesupport (4.2.5.1) lib/active_support/cache/strategy/local_cache_middleware.rb:28:in `call'
  rack (1.6.4) lib/rack/lock.rb:17:in `call'
  actionpack (4.2.5.1) lib/action_dispatch/middleware/static.rb:116:in `call'
  rack (1.6.4) lib/rack/sendfile.rb:113:in `call'
  railties (4.2.5.1) lib/rails/engine.rb:518:in `call'
  railties (4.2.5.1) lib/rails/application.rb:165:in `call'
  rack (1.6.4) lib/rack/lock.rb:17:in `call'
  rack (1.6.4) lib/rack/content_length.rb:15:in `call'
  rack (1.6.4) lib/rack/handler/webrick.rb:88:in `service'
  c:/RailsInstaller/Ruby2.1.0/lib/ruby/2.1.0/webrick/httpserver.rb:138:in `service'
  c:/RailsInstaller/Ruby2.1.0/lib/ruby/2.1.0/webrick/httpserver.rb:94:in `run'
  c:/RailsInstaller/Ruby2.1.0/lib/ruby/2.1.0/webrick/server.rb:295:in `block in start_thread'


  Rendered c:/RailsInstaller/Ruby2.1.0/lib/ruby/gems/2.1.0/gems/actionpack-4.2.5.1/lib/action_dispatch/middleware/templates/rescues/_trace.html.erb (4.0ms)
  Rendered c:/RailsInstaller/Ruby2.1.0/lib/ruby/gems/2.1.0/gems/actionpack-4.2.5.1/lib/action_dispatch/middleware/templates/routes/_route.html.erb (4.0ms)
  Rendered c:/RailsInstaller/Ruby2.1.0/lib/ruby/gems/2.1.0/gems/actionpack-4.2.5.1/lib/action_dispatch/middleware/templates/routes/_table.html.erb (44.0ms)
  Rendered c:/RailsInstaller/Ruby2.1.0/lib/ruby/gems/2.1.0/gems/actionpack-4.2.5.1/lib/action_dispatch/middleware/templates/rescues/_request_and_response.html.erb (2.0ms)
  Rendered c:/RailsInstaller/Ruby2.1.0/lib/ruby/gems/2.1.0/gems/actionpack-4.2.5.1/lib/action_dispatch/middleware/templates/rescues/routing_error.html.erb within rescues/layout (166.0ms)
  Rendered c:/RailsInstaller/Ruby2.1.0/lib/ruby/gems/2.1.0/gems/web-console-2.3.0/lib/web_console/templates/_markup.html.erb (1.0ms)
  Rendered c:/RailsInstaller/Ruby2.1.0/lib/ruby/gems/2.1.0/gems/web-console-2.3.0/lib/web_console/templates/_inner_console_markup.html.erb within layouts/inlined_string (0.0ms)
  Rendered c:/RailsInstaller/Ruby2.1.0/lib/ruby/gems/2.1.0/gems/web-console-2.3.0/lib/web_console/templates/_prompt_box_markup.html.erb within layouts/inlined_string (0.0ms)
  Rendered c:/RailsInstaller/Ruby2.1.0/lib/ruby/gems/2.1.0/gems/web-console-2.3.0/lib/web_console/templates/style.css.erb within layouts/inlined_string (1.0ms)
  Rendered c:/RailsInstaller/Ruby2.1.0/lib/ruby/gems/2.1.0/gems/web-console-2.3.0/lib/web_console/templates/console.js.erb within layouts/javascript (67.0ms)
  Rendered c:/RailsInstaller/Ruby2.1.0/lib/ruby/gems/2.1.0/gems/web-console-2.3.0/lib/web_console/templates/main.js.erb within layouts/javascript (0.0ms)
  Rendered c:/RailsInstaller/Ruby2.1.0/lib/ruby/gems/2.1.0/gems/web-console-2.3.0/lib/web_console/templates/error_page.js.erb within layouts/javascript (0.0ms)
  Rendered c:/RailsInstaller/Ruby2.1.0/lib/ruby/gems/2.1.0/gems/web-console-2.3.0/lib/web_console/templates/index.html.erb (134.0ms)


Started GET "/" for ::1 at 2016-12-13 22:04:32 -0600
Processing by ListingsController#index as HTML
  [1m[36mListing Load (0.0ms)[0m  [1mSELECT "listings".* FROM "listings"  ORDER BY created_at DESC[0m
  Rendered listings/index.html.erb within layouts/application (4.0ms)
  Rendered layouts/_header.html.erb (1.0ms)
  Rendered layouts/_footer.html.erb (1.0ms)
Completed 200 OK in 83ms (Views: 82.0ms | ActiveRecord: 0.0ms)


Started GET "/pages/about" for ::1 at 2016-12-13 22:04:33 -0600
Processing by PagesController#about as HTML
  Rendered pages/about.html.erb within layouts/application (0.0ms)
  Rendered layouts/_header.html.erb (0.0ms)
  Rendered layouts/_footer.html.erb (0.0ms)
Completed 200 OK in 101ms (Views: 99.0ms | ActiveRecord: 0.0ms)


Started GET "/pages/contact" for ::1 at 2016-12-13 22:04:34 -0600
Processing by PagesController#contact as HTML
  Rendered pages/contact.html.erb within layouts/application (1.0ms)
  Rendered layouts/_header.html.erb (0.0ms)
  Rendered layouts/_footer.html.erb (0.0ms)
Completed 200 OK in 88ms (Views: 87.0ms | ActiveRecord: 0.0ms)


Started GET "/pages/contact" for ::1 at 2016-12-13 22:05:48 -0600
Processing by PagesController#contact as HTML
  Rendered pages/contact.html.erb within layouts/application (1.0ms)
  Rendered layouts/_header.html.erb (1.0ms)
  Rendered layouts/_footer.html.erb (0.0ms)
Completed 200 OK in 2952ms (Views: 2951.2ms | ActiveRecord: 0.0ms)


Started GET "/assets/custom.self-278d795218b0422868f9bfb03c48e5bcd58594001ee97af8e52e266e97aaf623.css?body=1" for ::1 at 2016-12-13 22:05:51 -0600


Started GET "/pages/contact" for ::1 at 2016-12-13 22:05:53 -0600
Processing by PagesController#contact as HTML
  Rendered pages/contact.html.erb within layouts/application (0.0ms)
  Rendered layouts/_header.html.erb (1.0ms)
  Rendered layouts/_footer.html.erb (0.0ms)
Completed 200 OK in 103ms (Views: 103.0ms | ActiveRecord: 0.0ms)


Started GET "/pages/contact" for ::1 at 2016-12-13 22:06:38 -0600
Processing by PagesController#contact as HTML
  Rendered pages/contact.html.erb within layouts/application (0.0ms)
  Rendered layouts/_header.html.erb (1.0ms)
  Rendered layouts/_footer.html.erb (0.0ms)
Completed 200 OK in 2597ms (Views: 2596.1ms | ActiveRecord: 0.0ms)


Started GET "/assets/custom.self-0087c662bcba49362e53e6168666dfb97da8f1a414ae786086d55965380865d8.css?body=1" for ::1 at 2016-12-13 22:06:40 -0600


Started GET "/pages/contact" for ::1 at 2016-12-13 22:07:04 -0600
Processing by PagesController#contact as HTML
  Rendered pages/contact.html.erb within layouts/application (0.0ms)
  Rendered layouts/_header.html.erb (1.0ms)
  Rendered layouts/_footer.html.erb (0.0ms)
Completed 200 OK in 2577ms (Views: 2576.1ms | ActiveRecord: 0.0ms)


Started GET "/assets/custom.self-8d403d037dbbc48e5ed2535f5841f61fedde2de2634b72668a24d1c0583130d7.css?body=1" for ::1 at 2016-12-13 22:07:06 -0600


Started GET "/pages/contact" for ::1 at 2016-12-13 22:07:11 -0600
Processing by PagesController#contact as HTML
  Rendered pages/contact.html.erb within layouts/application (0.0ms)
  Rendered layouts/_header.html.erb (1.0ms)
  Rendered layouts/_footer.html.erb (0.0ms)
Completed 200 OK in 121ms (Views: 118.0ms | ActiveRecord: 0.0ms)


Started GET "/pages/about" for ::1 at 2016-12-13 22:07:12 -0600
Processing by PagesController#about as HTML
  Rendered pages/about.html.erb within layouts/application (0.0ms)
  Rendered layouts/_header.html.erb (0.0ms)
  Rendered layouts/_footer.html.erb (0.0ms)
Completed 200 OK in 108ms (Views: 106.0ms | ActiveRecord: 0.0ms)


Started GET "/pages/contact" for ::1 at 2016-12-13 22:07:13 -0600
Processing by PagesController#contact as HTML
  Rendered pages/contact.html.erb within layouts/application (1.0ms)
  Rendered layouts/_header.html.erb (0.0ms)
  Rendered layouts/_footer.html.erb (0.0ms)
Completed 200 OK in 166ms (Views: 165.0ms | ActiveRecord: 0.0ms)


Started GET "/users/sign_up" for ::1 at 2016-12-13 22:07:14 -0600
Processing by Devise::RegistrationsController#new as HTML
  Rendered devise/shared/_links.html.erb (6.0ms)
  Rendered devise/registrations/new.html.erb within layouts/application (35.0ms)
  Rendered layouts/_header.html.erb (2.0ms)
  Rendered layouts/_footer.html.erb (0.0ms)
Completed 200 OK in 185ms (Views: 154.0ms | ActiveRecord: 0.0ms)


Started GET "/users/sign_in" for ::1 at 2016-12-13 22:07:15 -0600
Processing by Devise::SessionsController#new as HTML
  Rendered devise/shared/_links.html.erb (7.0ms)
  Rendered devise/sessions/new.html.erb within layouts/application (25.0ms)
  Rendered layouts/_header.html.erb (1.0ms)
  Rendered layouts/_footer.html.erb (0.0ms)
Completed 200 OK in 139ms (Views: 137.0ms | ActiveRecord: 0.0ms)


Started GET "/" for ::1 at 2016-12-13 22:07:17 -0600
Processing by ListingsController#index as HTML
  [1m[35mListing Load (0.0ms)[0m  SELECT "listings".* FROM "listings"  ORDER BY created_at DESC
  Rendered listings/index.html.erb within layouts/application (2.0ms)
  Rendered layouts/_header.html.erb (1.0ms)
  Rendered layouts/_footer.html.erb (0.0ms)
Completed 200 OK in 106ms (Views: 105.0ms | ActiveRecord: 0.0ms)


Started GET "/assets/IT-management-blog-banner-1200x320.png" for ::1 at 2016-12-13 22:07:17 -0600

ActionController::RoutingError (No route matches [GET] "/assets/IT-management-blog-banner-1200x320.png"):
  actionpack (4.2.5.1) lib/action_dispatch/middleware/debug_exceptions.rb:21:in `call'
  web-console (2.3.0) lib/web_console/middleware.rb:28:in `block in call'
  web-console (2.3.0) lib/web_console/middleware.rb:18:in `catch'
  web-console (2.3.0) lib/web_console/middleware.rb:18:in `call'
  actionpack (4.2.5.1) lib/action_dispatch/middleware/show_exceptions.rb:30:in `call'
  railties (4.2.5.1) lib/rails/rack/logger.rb:38:in `call_app'
  railties (4.2.5.1) lib/rails/rack/logger.rb:20:in `block in call'
  activesupport (4.2.5.1) lib/active_support/tagged_logging.rb:68:in `block in tagged'
  activesupport (4.2.5.1) lib/active_support/tagged_logging.rb:26:in `tagged'
  activesupport (4.2.5.1) lib/active_support/tagged_logging.rb:68:in `tagged'
  railties (4.2.5.1) lib/rails/rack/logger.rb:20:in `call'
  actionpack (4.2.5.1) lib/action_dispatch/middleware/request_id.rb:21:in `call'
  rack (1.6.4) lib/rack/methodoverride.rb:22:in `call'
  rack (1.6.4) lib/rack/runtime.rb:18:in `call'
  activesupport (4.2.5.1) lib/active_support/cache/strategy/local_cache_middleware.rb:28:in `call'
  rack (1.6.4) lib/rack/lock.rb:17:in `call'
  actionpack (4.2.5.1) lib/action_dispatch/middleware/static.rb:116:in `call'
  rack (1.6.4) lib/rack/sendfile.rb:113:in `call'
  railties (4.2.5.1) lib/rails/engine.rb:518:in `call'
  railties (4.2.5.1) lib/rails/application.rb:165:in `call'
  rack (1.6.4) lib/rack/lock.rb:17:in `call'
  rack (1.6.4) lib/rack/content_length.rb:15:in `call'
  rack (1.6.4) lib/rack/handler/webrick.rb:88:in `service'
  c:/RailsInstaller/Ruby2.1.0/lib/ruby/2.1.0/webrick/httpserver.rb:138:in `service'
  c:/RailsInstaller/Ruby2.1.0/lib/ruby/2.1.0/webrick/httpserver.rb:94:in `run'
  c:/RailsInstaller/Ruby2.1.0/lib/ruby/2.1.0/webrick/server.rb:295:in `block in start_thread'


  Rendered c:/RailsInstaller/Ruby2.1.0/lib/ruby/gems/2.1.0/gems/actionpack-4.2.5.1/lib/action_dispatch/middleware/templates/rescues/_trace.html.erb (2.0ms)
  Rendered c:/RailsInstaller/Ruby2.1.0/lib/ruby/gems/2.1.0/gems/actionpack-4.2.5.1/lib/action_dispatch/middleware/templates/routes/_route.html.erb (2.0ms)
  Rendered c:/RailsInstaller/Ruby2.1.0/lib/ruby/gems/2.1.0/gems/actionpack-4.2.5.1/lib/action_dispatch/middleware/templates/routes/_table.html.erb (2.0ms)
  Rendered c:/RailsInstaller/Ruby2.1.0/lib/ruby/gems/2.1.0/gems/actionpack-4.2.5.1/lib/action_dispatch/middleware/templates/rescues/_request_and_response.html.erb (1.0ms)
  Rendered c:/RailsInstaller/Ruby2.1.0/lib/ruby/gems/2.1.0/gems/actionpack-4.2.5.1/lib/action_dispatch/middleware/templates/rescues/routing_error.html.erb within rescues/layout (63.0ms)
  Rendered c:/RailsInstaller/Ruby2.1.0/lib/ruby/gems/2.1.0/gems/web-console-2.3.0/lib/web_console/templates/_markup.html.erb (0.0ms)
  Rendered c:/RailsInstaller/Ruby2.1.0/lib/ruby/gems/2.1.0/gems/web-console-2.3.0/lib/web_console/templates/_inner_console_markup.html.erb within layouts/inlined_string (0.0ms)
  Rendered c:/RailsInstaller/Ruby2.1.0/lib/ruby/gems/2.1.0/gems/web-console-2.3.0/lib/web_console/templates/_prompt_box_markup.html.erb within layouts/inlined_string (0.0ms)
  Rendered c:/RailsInstaller/Ruby2.1.0/lib/ruby/gems/2.1.0/gems/web-console-2.3.0/lib/web_console/templates/style.css.erb within layouts/inlined_string (0.0ms)
  Rendered c:/RailsInstaller/Ruby2.1.0/lib/ruby/gems/2.1.0/gems/web-console-2.3.0/lib/web_console/templates/console.js.erb within layouts/javascript (39.0ms)
  Rendered c:/RailsInstaller/Ruby2.1.0/lib/ruby/gems/2.1.0/gems/web-console-2.3.0/lib/web_console/templates/main.js.erb within layouts/javascript (1.0ms)
  Rendered c:/RailsInstaller/Ruby2.1.0/lib/ruby/gems/2.1.0/gems/web-console-2.3.0/lib/web_console/templates/error_page.js.erb within layouts/javascript (0.0ms)
  Rendered c:/RailsInstaller/Ruby2.1.0/lib/ruby/gems/2.1.0/gems/web-console-2.3.0/lib/web_console/templates/index.html.erb (85.0ms)


Started GET "/pages/about" for ::1 at 2016-12-13 22:07:21 -0600
Processing by PagesController#about as HTML
  Rendered pages/about.html.erb within layouts/application (0.0ms)
  Rendered layouts/_header.html.erb (1.0ms)
  Rendered layouts/_footer.html.erb (1.0ms)
Completed 200 OK in 101ms (Views: 101.0ms | ActiveRecord: 0.0ms)


Started GET "/pages/contact" for ::1 at 2016-12-13 22:07:22 -0600
Processing by PagesController#contact as HTML
  Rendered pages/contact.html.erb within layouts/application (0.0ms)
  Rendered layouts/_header.html.erb (1.0ms)
  Rendered layouts/_footer.html.erb (0.0ms)
Completed 200 OK in 96ms (Views: 95.0ms | ActiveRecord: 0.0ms)
